This is pdfTeX, Version 3.141592653-2.6-1.40.25 (TeX Live 2023/nixos.org) (preloaded format=pdflatex 1980.1.1)  11 MAY 2025 10:22
entering extended mode
 restricted \write18 enabled.
 file:line:error style messages enabled.
 %&-line parsing enabled.
**resume.tex
(./resume.tex
LaTeX2e <2023-11-01> patch level 1
L3 programming layer <2024-02-20>
(/nix/store/53xcxxqpcqaas39ixx640qhgwk5cnzdl-texlive-combined-full-2023-final-texmfdist/tex/latex/base/article.cls
Document Class: article 2023/05/17 v1.4n Standard LaTeX document class
(/nix/store/53xcxxqpcqaas39ixx640qhgwk5cnzdl-texlive-combined-full-2023-final-texmfdist/tex/latex/base/size11.clo
File: size11.clo 2023/05/17 v1.4n Standard LaTeX file (size option)
)
\c@part=\count188
\c@section=\count189
\c@subsection=\count190
\c@subsubsection=\count191
\c@paragraph=\count192
\c@subparagraph=\count193
\c@figure=\count194
\c@table=\count195
\abovecaptionskip=\skip48
\belowcaptionskip=\skip49
\bibindent=\dimen140
) (/nix/store/53xcxxqpcqaas39ixx640qhgwk5cnzdl-texlive-combined-full-2023-final-texmfdist/tex/latex/amsmath/amsmath.sty
Package: amsmath 2023/05/13 v2.17o AMS math features
\@mathmargin=\skip50

For additional information on amsmath, use the `?' option.
(/nix/store/53xcxxqpcqaas39ixx640qhgwk5cnzdl-texlive-combined-full-2023-final-texmfdist/tex/latex/amsmath/amstext.sty
Package: amstext 2021/08/26 v2.01 AMS text
 (/nix/store/53xcxxqpcqaas39ixx640qhgwk5cnzdl-texlive-combined-full-2023-final-texmfdist/tex/latex/amsmath/amsgen.sty
File: amsgen.sty 1999/11/30 v2.0 generic functions
\@emptytoks=\toks17
\ex@=\dimen141
)) (/nix/store/53xcxxqpcqaas39ixx640qhgwk5cnzdl-texlive-combined-full-2023-final-texmfdist/tex/latex/amsmath/amsbsy.sty
Package: amsbsy 1999/11/29 v1.2d Bold Symbols
\pmbraise@=\dimen142
) (/nix/store/53xcxxqpcqaas39ixx640qhgwk5cnzdl-texlive-combined-full-2023-final-texmfdist/tex/latex/amsmath/amsopn.sty
Package: amsopn 2022/04/08 v2.04 operator names
)
\inf@bad=\count196
LaTeX Info: Redefining \frac on input line 234.
\uproot@=\count197
\leftroot@=\count198
LaTeX Info: Redefining \overline on input line 399.
LaTeX Info: Redefining \colon on input line 410.
\classnum@=\count199
\DOTSCASE@=\count266
LaTeX Info: Redefining \ldots on input line 496.
LaTeX Info: Redefining \dots on input line 499.
LaTeX Info: Redefining \cdots on input line 620.
\Mathstrutbox@=\box51
\strutbox@=\box52
LaTeX Info: Redefining \big on input line 722.
LaTeX Info: Redefining \Big on input line 723.
LaTeX Info: Redefining \bigg on input line 724.
LaTeX Info: Redefining \Bigg on input line 725.
\big@size=\dimen143
LaTeX Font Info:    Redeclaring font encoding OML on input line 743.
LaTeX Font Info:    Redeclaring font encoding OMS on input line 744.
\macc@depth=\count267
LaTeX Info: Redefining \bmod on input line 905.
LaTeX Info: Redefining \pmod on input line 910.
LaTeX Info: Redefining \smash on input line 940.
LaTeX Info: Redefining \relbar on input line 970.
LaTeX Info: Redefining \Relbar on input line 971.
\c@MaxMatrixCols=\count268
\dotsspace@=\muskip16
\c@parentequation=\count269
\dspbrk@lvl=\count270
\tag@help=\toks18
\row@=\count271
\column@=\count272
\maxfields@=\count273
\andhelp@=\toks19
\eqnshift@=\dimen144
\alignsep@=\dimen145
\tagshift@=\dimen146
\tagwidth@=\dimen147
\totwidth@=\dimen148
\lineht@=\dimen149
\@envbody=\toks20
\multlinegap=\skip51
\multlinetaggap=\skip52
\mathdisplay@stack=\toks21
LaTeX Info: Redefining \[ on input line 2953.
LaTeX Info: Redefining \] on input line 2954.
) (/nix/store/53xcxxqpcqaas39ixx640qhgwk5cnzdl-texlive-combined-full-2023-final-texmfdist/tex/latex/base/latexsym.sty
Package: latexsym 1998/08/17 v2.2e Standard LaTeX package (lasy symbols)
\symlasy=\mathgroup4
LaTeX Font Info:    Overwriting symbol font `lasy' in version `bold'
(Font)                  U/lasy/m/n --> U/lasy/b/n on input line 52.
) (/nix/store/53xcxxqpcqaas39ixx640qhgwk5cnzdl-texlive-combined-full-2023-final-texmfdist/tex/latex/titlesec/titlesec.sty
Package: titlesec 2023/10/27 v2.16 Sectioning titles
\ttl@box=\box53
\beforetitleunit=\skip53
\aftertitleunit=\skip54
\ttl@plus=\dimen150
\ttl@minus=\dimen151
\ttl@toksa=\toks22
\titlewidth=\dimen152
\titlewidthlast=\dimen153
\titlewidthfirst=\dimen154
) (/nix/store/53xcxxqpcqaas39ixx640qhgwk5cnzdl-texlive-combined-full-2023-final-texmfdist/tex/latex/marvosym/marvosym.sty
Package: marvosym 2011/07/20 v2.2 Martin Vogel's Symbols font definitions
) (/nix/store/53xcxxqpcqaas39ixx640qhgwk5cnzdl-texlive-combined-full-2023-final-texmfdist/tex/latex/fontawesome5/fontawesome5.sty (/nix/store/53xcxxqpcqaas39ixx640qhgwk5cnzdl-texlive-combined-full-2023-final-texmfdist/tex/latex/l3kernel/expl3.sty
Package: expl3 2024-02-20 L3 programming layer (loader) 
 (/nix/store/53xcxxqpcqaas39ixx640qhgwk5cnzdl-texlive-combined-full-2023-final-texmfdist/tex/latex/l3backend/l3backend-pdftex.def
File: l3backend-pdftex.def 2024-02-20 L3 backend support: PDF output (pdfTeX)
\l__color_backend_stack_int=\count274
\l__pdf_internal_box=\box54
))
Package: fontawesome5 2022/05/02 v5.15.4 Font Awesome 5
 (/nix/store/53xcxxqpcqaas39ixx640qhgwk5cnzdl-texlive-combined-full-2023-final-texmfdist/tex/latex/l3packages/l3keys2e/l3keys2e.sty
Package: l3keys2e 2024-02-18 LaTeX2e option processing using LaTeX3 keys
) (/nix/store/53xcxxqpcqaas39ixx640qhgwk5cnzdl-texlive-combined-full-2023-final-texmfdist/tex/latex/l3packages/xparse/xparse.sty
Package: xparse 2024-02-18 L3 Experimental document command parser
) (/nix/store/53xcxxqpcqaas39ixx640qhgwk5cnzdl-texlive-combined-full-2023-final-texmfdist/tex/latex/fontawesome5/fontawesome5-generic-helper.sty
Package: fontawesome5-generic-helper 2022/05/02 v5.15.4 non-uTeX helper for fontawesome5
 (/nix/store/53xcxxqpcqaas39ixx640qhgwk5cnzdl-texlive-combined-full-2023-final-texmfdist/tex/latex/fontawesome5/fontawesome5-mapping.def))) (/nix/store/53xcxxqpcqaas39ixx640qhgwk5cnzdl-texlive-combined-full-2023-final-texmfdist/tex/latex/graphics/color.sty
Package: color 2022/01/06 v1.3d Standard LaTeX Color (DPC)
 (/nix/store/53xcxxqpcqaas39ixx640qhgwk5cnzdl-texlive-combined-full-2023-final-texmfdist/tex/latex/graphics-cfg/color.cfg
File: color.cfg 2016/01/02 v1.6 sample color configuration
)
Package color Info: Driver file: pdftex.def on input line 149.

(/nix/store/53xcxxqpcqaas39ixx640qhgwk5cnzdl-texlive-combined-full-2023-final-texmfdist/tex/latex/graphics-def/pdftex.def
File: pdftex.def 2022/09/22 v1.2b Graphics/color driver for pdftex
) (/nix/store/53xcxxqpcqaas39ixx640qhgwk5cnzdl-texlive-combined-full-2023-final-texmfdist/tex/latex/graphics/dvipsnam.def
File: dvipsnam.def 2016/06/17 v3.0m Driver-dependent file (DPC,SPQR)
) (/nix/store/53xcxxqpcqaas39ixx640qhgwk5cnzdl-texlive-combined-full-2023-final-texmfdist/tex/latex/graphics/mathcolor.ltx)) (/nix/store/53xcxxqpcqaas39ixx640qhgwk5cnzdl-texlive-combined-full-2023-final-texmfdist/tex/latex/tools/verbatim.sty
Package: verbatim 2023-11-06 v1.5v LaTeX2e package for verbatim enhancements
\every@verbatim=\toks23
\verbatim@line=\toks24
\verbatim@in@stream=\read2
) (/nix/store/53xcxxqpcqaas39ixx640qhgwk5cnzdl-texlive-combined-full-2023-final-texmfdist/tex/latex/enumitem/enumitem.sty
Package: enumitem 2019/06/20 v3.9 Customized lists
\enitkv@toks@=\toks25
\labelindent=\skip55
\enit@outerparindent=\dimen155
\enit@toks=\toks26
\enit@inbox=\box55
\enit@count@id=\count275
\enitdp@description=\count276
) (/nix/store/53xcxxqpcqaas39ixx640qhgwk5cnzdl-texlive-combined-full-2023-final-texmfdist/tex/latex/hyperref/hyperref.sty
Package: hyperref 2024-01-20 v7.01h Hypertext links for LaTeX
 (/nix/store/53xcxxqpcqaas39ixx640qhgwk5cnzdl-texlive-combined-full-2023-final-texmfdist/tex/generic/iftex/iftex.sty
Package: iftex 2022/02/03 v1.0f TeX engine tests
) (/nix/store/53xcxxqpcqaas39ixx640qhgwk5cnzdl-texlive-combined-full-2023-final-texmfdist/tex/latex/graphics/keyval.sty
Package: keyval 2022/05/29 v1.15 key=value parser (DPC)
\KV@toks@=\toks27
) (/nix/store/53xcxxqpcqaas39ixx640qhgwk5cnzdl-texlive-combined-full-2023-final-texmfdist/tex/latex/kvsetkeys/kvsetkeys.sty
Package: kvsetkeys 2022-10-05 v1.19 Key value parser (HO)
) (/nix/store/53xcxxqpcqaas39ixx640qhgwk5cnzdl-texlive-combined-full-2023-final-texmfdist/tex/generic/kvdefinekeys/kvdefinekeys.sty
Package: kvdefinekeys 2019-12-19 v1.6 Define keys (HO)
) (/nix/store/53xcxxqpcqaas39ixx640qhgwk5cnzdl-texlive-combined-full-2023-final-texmfdist/tex/generic/pdfescape/pdfescape.sty
Package: pdfescape 2019/12/09 v1.15 Implements pdfTeX's escape features (HO)
 (/nix/store/53xcxxqpcqaas39ixx640qhgwk5cnzdl-texlive-combined-full-2023-final-texmfdist/tex/generic/ltxcmds/ltxcmds.sty
Package: ltxcmds 2023-12-04 v1.26 LaTeX kernel commands for general use (HO)
) (/nix/store/53xcxxqpcqaas39ixx640qhgwk5cnzdl-texlive-combined-full-2023-final-texmfdist/tex/generic/pdftexcmds/pdftexcmds.sty
Package: pdftexcmds 2020-06-27 v0.33 Utility functions of pdfTeX for LuaTeX (HO)
 (/nix/store/53xcxxqpcqaas39ixx640qhgwk5cnzdl-texlive-combined-full-2023-final-texmfdist/tex/generic/infwarerr/infwarerr.sty
Package: infwarerr 2019/12/03 v1.5 Providing info/warning/error messages (HO)
)
Package pdftexcmds Info: \pdf@primitive is available.
Package pdftexcmds Info: \pdf@ifprimitive is available.
Package pdftexcmds Info: \pdfdraftmode found.
)) (/nix/store/53xcxxqpcqaas39ixx640qhgwk5cnzdl-texlive-combined-full-2023-final-texmfdist/tex/latex/hycolor/hycolor.sty
Package: hycolor 2020-01-27 v1.10 Color options for hyperref/bookmark (HO)
) (/nix/store/53xcxxqpcqaas39ixx640qhgwk5cnzdl-texlive-combined-full-2023-final-texmfdist/tex/latex/auxhook/auxhook.sty
Package: auxhook 2019-12-17 v1.6 Hooks for auxiliary files (HO)
)
(/nix/store/53xcxxqpcqaas39ixx640qhgwk5cnzdl-texlive-combined-full-2023-final-texmfdist/tex/latex/hyperref/nameref.sty
Package: nameref 2023-11-26 v2.56 Cross-referencing by name of section
 (/nix/store/53xcxxqpcqaas39ixx640qhgwk5cnzdl-texlive-combined-full-2023-final-texmfdist/tex/latex/refcount/refcount.sty
Package: refcount 2019/12/15 v3.6 Data extraction from label references (HO)
) (/nix/store/53xcxxqpcqaas39ixx640qhgwk5cnzdl-texlive-combined-full-2023-final-texmfdist/tex/generic/gettitlestring/gettitlestring.sty
Package: gettitlestring 2019/12/15 v1.6 Cleanup title references (HO)
 (/nix/store/53xcxxqpcqaas39ixx640qhgwk5cnzdl-texlive-combined-full-2023-final-texmfdist/tex/latex/kvoptions/kvoptions.sty
Package: kvoptions 2022-06-15 v3.15 Key value format for package options (HO)
))
\c@section@level=\count277
) (/nix/store/53xcxxqpcqaas39ixx640qhgwk5cnzdl-texlive-combined-full-2023-final-texmfdist/tex/latex/etoolbox/etoolbox.sty
Package: etoolbox 2020/10/05 v2.5k e-TeX tools for LaTeX (JAW)
\etb@tempcnta=\count278
)
\@linkdim=\dimen156
\Hy@linkcounter=\count279
\Hy@pagecounter=\count280
 (/nix/store/53xcxxqpcqaas39ixx640qhgwk5cnzdl-texlive-combined-full-2023-final-texmfdist/tex/latex/hyperref/pd1enc.def
File: pd1enc.def 2024-01-20 v7.01h Hyperref: PDFDocEncoding definition (HO)
Now handling font encoding PD1 ...
... no UTF-8 mapping file for font encoding PD1
) (/nix/store/53xcxxqpcqaas39ixx640qhgwk5cnzdl-texlive-combined-full-2023-final-texmfdist/tex/generic/intcalc/intcalc.sty
Package: intcalc 2019/12/15 v1.3 Expandable calculations with integers (HO)
)
\Hy@SavedSpaceFactor=\count281
 (/nix/store/53xcxxqpcqaas39ixx640qhgwk5cnzdl-texlive-combined-full-2023-final-texmfdist/tex/latex/hyperref/puenc.def
File: puenc.def 2024-01-20 v7.01h Hyperref: PDF Unicode definition (HO)
Now handling font encoding PU ...
... no UTF-8 mapping file for font encoding PU
)
Package hyperref Info: Hyper figures OFF on input line 4179.
Package hyperref Info: Link nesting OFF on input line 4184.
Package hyperref Info: Hyper index ON on input line 4187.
Package hyperref Info: Plain pages OFF on input line 4194.
Package hyperref Info: Backreferencing OFF on input line 4199.
Package hyperref Info: Implicit mode ON; LaTeX internals redefined.
Package hyperref Info: Bookmarks ON on input line 4446.
\c@Hy@tempcnt=\count282
 (/nix/store/53xcxxqpcqaas39ixx640qhgwk5cnzdl-texlive-combined-full-2023-final-texmfdist/tex/latex/url/url.sty
\Urlmuskip=\muskip17
Package: url 2013/09/16  ver 3.4  Verb mode for urls, etc.
)
LaTeX Info: Redefining \url on input line 4784.
\XeTeXLinkMargin=\dimen157
 (/nix/store/53xcxxqpcqaas39ixx640qhgwk5cnzdl-texlive-combined-full-2023-final-texmfdist/tex/generic/bitset/bitset.sty
Package: bitset 2019/12/09 v1.3 Handle bit-vector datatype (HO)
 (/nix/store/53xcxxqpcqaas39ixx640qhgwk5cnzdl-texlive-combined-full-2023-final-texmfdist/tex/generic/bigintcalc/bigintcalc.sty
Package: bigintcalc 2019/12/15 v1.5 Expandable calculations on big integers (HO)
))
\Fld@menulength=\count283
\Field@Width=\dimen158
\Fld@charsize=\dimen159
Package hyperref Info: Hyper figures OFF on input line 6063.
Package hyperref Info: Link nesting OFF on input line 6068.
Package hyperref Info: Hyper index ON on input line 6071.
Package hyperref Info: backreferencing OFF on input line 6078.
Package hyperref Info: Link coloring OFF on input line 6083.
Package hyperref Info: Link coloring with OCG OFF on input line 6088.
Package hyperref Info: PDF/A mode OFF on input line 6093.
 (/nix/store/53xcxxqpcqaas39ixx640qhgwk5cnzdl-texlive-combined-full-2023-final-texmfdist/tex/latex/base/atbegshi-ltx.sty
Package: atbegshi-ltx 2021/01/10 v1.0c Emulation of the original atbegshi
package with kernel methods
)
\Hy@abspage=\count284
\c@Item=\count285
\c@Hfootnote=\count286
)
Package hyperref Info: Driver (autodetected): hpdftex.
 (/nix/store/53xcxxqpcqaas39ixx640qhgwk5cnzdl-texlive-combined-full-2023-final-texmfdist/tex/latex/hyperref/hpdftex.def
File: hpdftex.def 2024-01-20 v7.01h Hyperref driver for pdfTeX
 (/nix/store/53xcxxqpcqaas39ixx640qhgwk5cnzdl-texlive-combined-full-2023-final-texmfdist/tex/latex/base/atveryend-ltx.sty
Package: atveryend-ltx 2020/08/19 v1.0a Emulation of the original atveryend package
with kernel methods
)
\Fld@listcount=\count287
\c@bookmark@seq@number=\count288
 (/nix/store/53xcxxqpcqaas39ixx640qhgwk5cnzdl-texlive-combined-full-2023-final-texmfdist/tex/latex/rerunfilecheck/rerunfilecheck.sty
Package: rerunfilecheck 2022-07-10 v1.10 Rerun checks for auxiliary files (HO)
 (/nix/store/53xcxxqpcqaas39ixx640qhgwk5cnzdl-texlive-combined-full-2023-final-texmfdist/tex/generic/uniquecounter/uniquecounter.sty
Package: uniquecounter 2019/12/15 v1.4 Provide unlimited unique counter (HO)
)
Package uniquecounter Info: New unique counter `rerunfilecheck' on input line 285.
)
\Hy@SectionHShift=\skip56
)
(/nix/store/53xcxxqpcqaas39ixx640qhgwk5cnzdl-texlive-combined-full-2023-final-texmfdist/tex/latex/fancyhdr/fancyhdr.sty
Package: fancyhdr 2022/11/09 v4.1 Extensive control of page headers and footers
\f@nch@headwidth=\skip57
\f@nch@O@elh=\skip58
\f@nch@O@erh=\skip59
\f@nch@O@olh=\skip60
\f@nch@O@orh=\skip61
\f@nch@O@elf=\skip62
\f@nch@O@erf=\skip63
\f@nch@O@olf=\skip64
\f@nch@O@orf=\skip65
) (/nix/store/53xcxxqpcqaas39ixx640qhgwk5cnzdl-texlive-combined-full-2023-final-texmfdist/tex/generic/babel/babel.sty
Package: babel 2024/02/07 v24.2 The Babel package
\babel@savecnt=\count289
\U@D=\dimen160
\l@unhyphenated=\language89
 (/nix/store/53xcxxqpcqaas39ixx640qhgwk5cnzdl-texlive-combined-full-2023-final-texmfdist/tex/generic/babel/txtbabel.def)
\bbl@readstream=\read3
\bbl@dirlevel=\count290
 (/nix/store/53xcxxqpcqaas39ixx640qhgwk5cnzdl-texlive-combined-full-2023-final-texmfdist/tex/generic/babel-english/english.ldf
Language: english 2017/06/06 v3.3r English support from the babel system
Package babel Info: Hyphen rules for 'canadian' set to \l@english
(babel)             (\language0). Reported on input line 102.
Package babel Info: Hyphen rules for 'australian' set to \l@ukenglish
(babel)             (\language23). Reported on input line 105.
Package babel Info: Hyphen rules for 'newzealand' set to \l@ukenglish
(babel)             (\language23). Reported on input line 108.
)) (/nix/store/53xcxxqpcqaas39ixx640qhgwk5cnzdl-texlive-combined-full-2023-final-texmfdist/tex/generic/babel/locale/en/babel-english.tex
Package babel Info: Importing font and identification data for english
(babel)             from babel-en.ini. Reported on input line 11.
) (/nix/store/53xcxxqpcqaas39ixx640qhgwk5cnzdl-texlive-combined-full-2023-final-texmfdist/tex/latex/tools/tabularx.sty
Package: tabularx 2023/07/08 v2.11c `tabularx' package (DPC)
 (/nix/store/53xcxxqpcqaas39ixx640qhgwk5cnzdl-texlive-combined-full-2023-final-texmfdist/tex/latex/tools/array.sty
Package: array 2023/10/16 v2.5g Tabular extension package (FMi)
\col@sep=\dimen161
\ar@mcellbox=\box56
\extrarowheight=\dimen162
\NC@list=\toks28
\extratabsurround=\skip66
\backup@length=\skip67
\ar@cellbox=\box57
)
\TX@col@width=\dimen163
\TX@old@table=\dimen164
\TX@old@col=\dimen165
\TX@target=\dimen166
\TX@delta=\dimen167
\TX@cols=\count291
\TX@ftn=\toks29
) (/nix/store/53xcxxqpcqaas39ixx640qhgwk5cnzdl-texlive-combined-full-2023-final-texmfdist/tex/generic/pdftex/glyphtounicode.tex) (./resume.aux)
\openout1 = `resume.aux'.

LaTeX Font Info:    Checking defaults for OML/cmm/m/it on input line 113.
LaTeX Font Info:    ... okay on input line 113.
LaTeX Font Info:    Checking defaults for OMS/cmsy/m/n on input line 113.
LaTeX Font Info:    ... okay on input line 113.
LaTeX Font Info:    Checking defaults for OT1/cmr/m/n on input line 113.
LaTeX Font Info:    ... okay on input line 113.
LaTeX Font Info:    Checking defaults for T1/cmr/m/n on input line 113.
LaTeX Font Info:    ... okay on input line 113.
LaTeX Font Info:    Checking defaults for TS1/cmr/m/n on input line 113.
LaTeX Font Info:    ... okay on input line 113.
LaTeX Font Info:    Checking defaults for OMX/cmex/m/n on input line 113.
LaTeX Font Info:    ... okay on input line 113.
LaTeX Font Info:    Checking defaults for U/cmr/m/n on input line 113.
LaTeX Font Info:    ... okay on input line 113.
LaTeX Font Info:    Checking defaults for PD1/pdf/m/n on input line 113.
LaTeX Font Info:    ... okay on input line 113.
LaTeX Font Info:    Checking defaults for PU/pdf/m/n on input line 113.
LaTeX Font Info:    ... okay on input line 113.
 (/nix/store/53xcxxqpcqaas39ixx640qhgwk5cnzdl-texlive-combined-full-2023-final-texmfdist/tex/context/base/mkii/supp-pdf.mkii
[Loading MPS to PDF converter (version 2006.09.02).]
\scratchcounter=\count292
\scratchdimen=\dimen168
\scratchbox=\box58
\nofMPsegments=\count293
\nofMParguments=\count294
\everyMPshowfont=\toks30
\MPscratchCnt=\count295
\MPscratchDim=\dimen169
\MPnumerator=\count296
\makeMPintoPDFobject=\count297
\everyMPtoPDFconversion=\toks31
)
Package hyperref Info: Link coloring OFF on input line 113.
 (./resume.out) (./resume.out)
\@outlinefile=\write3
\openout3 = `resume.out'.



LaTeX Font Warning: Font shape `OT1/cmr/bx/sc' undefined
(Font)              using `OT1/cmr/bx/n' instead on input line 116.

LaTeX Font Info:    Trying to load font information for U+lasy on input line 117.
(/nix/store/53xcxxqpcqaas39ixx640qhgwk5cnzdl-texlive-combined-full-2023-final-texmfdist/tex/latex/base/ulasy.fd
File: ulasy.fd 1998/08/17 v2.2e LaTeX symbol font definitions
)
LaTeX Font Info:    Trying to load font information for U+fontawesomebrands0 on input line 118.
 (/nix/store/53xcxxqpcqaas39ixx640qhgwk5cnzdl-texlive-combined-full-2023-final-texmfdist/tex/latex/fontawesome5/ufontawesomebrands0.fd)
LaTeX Font Info:    Font shape `U/fontawesomebrands0/solid/n' in size <10> not available
(Font)              Font shape `U/fontawesomebrands0/regular/n' tried instead on input line 118.
 [1

{/nix/store/axjdr5qxf4arirf2kqjf1wxfs3yk7ca8-texlive-combined-full-2023-final/share/texmf-var/fonts/map/pdftex/updmap/pdftex.map}{/nix/store/53xcxxqpcqaas39ixx640qhgwk5cnzdl-texlive-combined-full-2023-final-texmfdist/fonts/enc/dvips/fontawesome5/fa5brands0.enc}] (./resume.aux)
 ***********
LaTeX2e <2023-11-01> patch level 1
L3 programming layer <2024-02-20>
 ***********


LaTeX Font Warning: Some font shapes were not available, defaults substituted.

Package rerunfilecheck Info: File `resume.out' has not changed.
(rerunfilecheck)             Checksum: E115416C5A8A05FC33F0095E2843F034;501.
 ) 
Here is how much of TeX's memory you used:
 14382 strings out of 474116
 252537 string characters out of 5717523
 1953187 words of memory out of 5000000
 36582 multiletter control sequences out of 15000+600000
 565110 words of font info for 64 fonts, out of 8000000 for 9000
 1141 hyphenation exceptions out of 8191
 75i,11n,79p,317b,461s stack positions out of 10000i,1000n,20000p,200000b,200000s
</nix/store/53xcxxqpcqaas39ixx640qhgwk5cnzdl-texlive-combined-full-2023-final-texmfdist/fonts/type1/public/fontawesome5/FontAwesome5Brands-Regular.pfb></nix/store/53xcxxqpcqaas39ixx640qhgwk5cnzdl-texlive-combined-full-2023-final-texmfdist/fonts/type1/public/amsfonts/cm/cmbx10.pfb></nix/store/53xcxxqpcqaas39ixx640qhgwk5cnzdl-texlive-combined-full-2023-final-texmfdist/fonts/type1/public/amsfonts/cm/cmbx12.pfb></nix/store/53xcxxqpcqaas39ixx640qhgwk5cnzdl-texlive-combined-full-2023-final-texmfdist/fonts/type1/public/amsfonts/cm/cmcsc10.pfb></nix/store/53xcxxqpcqaas39ixx640qhgwk5cnzdl-texlive-combined-full-2023-final-texmfdist/fonts/type1/public/amsfonts/cm/cmmi10.pfb></nix/store/53xcxxqpcqaas39ixx640qhgwk5cnzdl-texlive-combined-full-2023-final-texmfdist/fonts/type1/public/amsfonts/cm/cmr10.pfb></nix/store/53xcxxqpcqaas39ixx640qhgwk5cnzdl-texlive-combined-full-2023-final-texmfdist/fonts/type1/public/amsfonts/cm/cmr7.pfb></nix/store/53xcxxqpcqaas39ixx640qhgwk5cnzdl-texlive-combined-full-2023-final-texmfdist/fonts/type1/public/amsfonts/cm/cmsy10.pfb></nix/store/53xcxxqpcqaas39ixx640qhgwk5cnzdl-texlive-combined-full-2023-final-texmfdist/fonts/type1/public/amsfonts/cm/cmsy6.pfb></nix/store/53xcxxqpcqaas39ixx640qhgwk5cnzdl-texlive-combined-full-2023-final-texmfdist/fonts/type1/public/amsfonts/cm/cmti10.pfb>
Output written on resume.pdf (1 page, 126201 bytes).
PDF statistics:
 90 PDF objects out of 1000 (max. 8388607)
 66 compressed objects within 1 object stream
 7 named destinations out of 1000 (max. 500000)
 41 words of extra memory for PDF output out of 10000 (max. 10000000)

